# JRE version: Java(TM) SE Runtime Environment (8.0_77-b03) (build 1.8.0_77-b03)
# Java VM: Java HotSpot(TM) 64-Bit Server VM (25.77-b03 mixed mode windows-amd64 compressed oops)
Heap:
 PSYoungGen      total 622592K, used 27062K [0x00000000d5d00000, 0x0000000100000000, 0x0000000100000000)
  eden space 553984K, 4% used [0x00000000d5d00000,0x00000000d776d9c8,0x00000000f7a00000)
  from space 68608K, 0% used [0x00000000f7a00000,0x00000000f7a00000,0x00000000fbd00000)
  to   space 66560K, 0% used [0x00000000fbf00000,0x00000000fbf00000,0x0000000100000000)
 ParOldGen       total 65536K, used 17507K [0x0000000081600000, 0x0000000085600000, 0x00000000d5d00000)
  object space 65536K, 26% used [0x0000000081600000,0x0000000082718ce8,0x0000000085600000)
 Metaspace       used 23114K, capacity 23322K, committed 23680K, reserved 1071104K
  class space    used 2845K, capacity 2895K, committed 2944K, reserved 1048576K
GC Heap History (10 events):
Event: 5.504 GC heap before
{Heap before GC invocations=10 (full 0):
 PSYoungGen      total 286208K, used 286202K [0x00000000d5d00000, 0x00000000f3b80000, 0x0000000100000000)
  eden space 257536K, 100% used [0x00000000d5d00000,0x00000000e5880000,0x00000000e5880000)
  from space 28672K, 99% used [0x00000000e5880000,0x00000000e747e920,0x00000000e7480000)
  to   space 38912K, 0% used [0x00000000f1580000,0x00000000f1580000,0x00000000f3b80000)
 ParOldGen       total 87552K, used 47353K [0x0000000081600000, 0x0000000086b80000, 0x00000000d5d00000)
  object space 87552K, 54% used [0x0000000081600000,0x000000008443e658,0x0000000086b80000)
 Metaspace       used 19549K, capacity 19754K, committed 20224K, reserved 1067008K
  class space    used 2391K, capacity 2473K, committed 2560K, reserved 1048576K
Event: 5.541 GC heap after
Heap after GC invocations=10 (full 0):
 PSYoungGen      total 442880K, used 38882K [0x00000000d5d00000, 0x00000000f4b80000, 0x0000000100000000)
  eden space 403968K, 0% used [0x00000000d5d00000,0x00000000d5d00000,0x00000000ee780000)
  from space 38912K, 99% used [0x00000000f1580000,0x00000000f3b789c8,0x00000000f3b80000)
  to   space 47104K, 0% used [0x00000000ee780000,0x00000000ee780000,0x00000000f1580000)
 ParOldGen       total 87552K, used 53834K [0x0000000081600000, 0x0000000086b80000, 0x00000000d5d00000)
  object space 87552K, 61% used [0x0000000081600000,0x0000000084a92b58,0x0000000086b80000)
 Metaspace       used 19549K, capacity 19754K, committed 20224K, reserved 1067008K
  class space    used 2391K, capacity 2473K, committed 2560K, reserved 1048576K
}
Event: 6.321 GC heap before
{Heap before GC invocations=11 (full 0):
 PSYoungGen      total 442880K, used 442850K [0x00000000d5d00000, 0x00000000f4b80000, 0x0000000100000000)
  eden space 403968K, 100% used [0x00000000d5d00000,0x00000000ee780000,0x00000000ee780000)
  from space 38912K, 99% used [0x00000000f1580000,0x00000000f3b789c8,0x00000000f3b80000)
  to   space 47104K, 0% used [0x00000000ee780000,0x00000000ee780000,0x00000000f1580000)
 ParOldGen       total 87552K, used 53834K [0x0000000081600000, 0x0000000086b80000, 0x00000000d5d00000)
  object space 87552K, 61% used [0x0000000081600000,0x0000000084a92b58,0x0000000086b80000)
 Metaspace       used 19574K, capacity 19754K, committed 20224K, reserved 1067008K
  class space    used 2392K, capacity 2473K, committed 2560K, reserved 1048576K
Event: 6.359 GC heap after
Heap after GC invocations=11 (full 0):
 PSYoungGen      total 451072K, used 47086K [0x00000000d5d00000, 0x0000000100000000, 0x0000000100000000)
  eden space 403968K, 0% used [0x00000000d5d00000,0x00000000d5d00000,0x00000000ee780000)
  from space 47104K, 99% used [0x00000000ee780000,0x00000000f157bac0,0x00000000f1580000)
  to   space 56320K, 0% used [0x00000000fc900000,0x00000000fc900000,0x0000000100000000)
 ParOldGen       total 87552K, used 59603K [0x0000000081600000, 0x0000000086b80000, 0x00000000d5d00000)
  object space 87552K, 68% used [0x0000000081600000,0x0000000085034ec8,0x0000000086b80000)
 Metaspace       used 19574K, capacity 19754K, committed 20224K, reserved 1067008K
  class space    used 2392K, capacity 2473K, committed 2560K, reserved 1048576K
}
Event: 7.106 GC heap before
{Heap before GC invocations=12 (full 0):
 PSYoungGen      total 451072K, used 451054K [0x00000000d5d00000, 0x0000000100000000, 0x0000000100000000)
  eden space 403968K, 100% used [0x00000000d5d00000,0x00000000ee780000,0x00000000ee780000)
  from space 47104K, 99% used [0x00000000ee780000,0x00000000f157bac0,0x00000000f1580000)
  to   space 56320K, 0% used [0x00000000fc900000,0x00000000fc900000,0x0000000100000000)
 ParOldGen       total 87552K, used 59603K [0x0000000081600000, 0x0000000086b80000, 0x00000000d5d00000)
  object space 87552K, 68% used [0x0000000081600000,0x0000000085034ec8,0x0000000086b80000)
 Metaspace       used 19576K, capacity 19754K, committed 20224K, reserved 1067008K
  class space    used 2392K, capacity 2473K, committed 2560K, reserved 1048576K
Event: 7.159 GC heap after
Heap after GC invocations=12 (full 0):
 PSYoungGen      total 610304K, used 56301K [0x00000000d5d00000, 0x0000000100000000, 0x0000000100000000)
  eden space 553984K, 0% used [0x00000000d5d00000,0x00000000d5d00000,0x00000000f7a00000)
  from space 56320K, 99% used [0x00000000fc900000,0x00000000ffffb540,0x0000000100000000)
  to   space 68608K, 0% used [0x00000000f7a00000,0x00000000f7a00000,0x00000000fbd00000)
 ParOldGen       total 87552K, used 67872K [0x0000000081600000, 0x0000000086b80000, 0x00000000d5d00000)
  object space 87552K, 77% used [0x0000000081600000,0x00000000858482a0,0x0000000086b80000)
 Metaspace       used 19576K, capacity 19754K, committed 20224K, reserved 1067008K
  class space    used 2392K, capacity 2473K, committed 2560K, reserved 1048576K
}
Event: 37.871 GC heap before
{Heap before GC invocations=13 (full 0):
 PSYoungGen      total 610304K, used 148428K [0x00000000d5d00000, 0x0000000100000000, 0x0000000100000000)
  eden space 553984K, 16% used [0x00000000d5d00000,0x00000000db6f7ce8,0x00000000f7a00000)
  from space 56320K, 99% used [0x00000000fc900000,0x00000000ffffb540,0x0000000100000000)
  to   space 68608K, 0% used [0x00000000f7a00000,0x00000000f7a00000,0x00000000fbd00000)
 ParOldGen       total 87552K, used 67872K [0x0000000081600000, 0x0000000086b80000, 0x00000000d5d00000)
  object space 87552K, 77% used [0x0000000081600000,0x00000000858482a0,0x0000000086b80000)
 Metaspace       used 20812K, capacity 21002K, committed 21296K, reserved 1069056K
  class space    used 2544K, capacity 2633K, committed 2688K, reserved 1048576K
Event: 37.884 GC heap after
Heap after GC invocations=13 (full 0):
 PSYoungGen      total 622592K, used 13630K [0x00000000d5d00000, 0x0000000100000000, 0x0000000100000000)
  eden space 553984K, 0% used [0x00000000d5d00000,0x00000000d5d00000,0x00000000f7a00000)
  from space 68608K, 19% used [0x00000000f7a00000,0x00000000f874f870,0x00000000fbd00000)
  to   space 66560K, 0% used [0x00000000fbf00000,0x00000000fbf00000,0x0000000100000000)
 ParOldGen       total 87552K, used 71473K [0x0000000081600000, 0x0000000086b80000, 0x00000000d5d00000)
  object space 87552K, 81% used [0x0000000081600000,0x0000000085bcc438,0x0000000086b80000)
 Metaspace       used 20812K, capacity 21002K, committed 21296K, reserved 1069056K
  class space    used 2544K, capacity 2633K, committed 2688K, reserved 1048576K
}
Event: 37.884 GC heap before
{Heap before GC invocations=14 (full 1):
 PSYoungGen      total 622592K, used 13630K [0x00000000d5d00000, 0x0000000100000000, 0x0000000100000000)
  eden space 553984K, 0% used [0x00000000d5d00000,0x00000000d5d00000,0x00000000f7a00000)
  from space 68608K, 19% used [0x00000000f7a00000,0x00000000f874f870,0x00000000fbd00000)
  to   space 66560K, 0% used [0x00000000fbf00000,0x00000000fbf00000,0x0000000100000000)
 ParOldGen       total 87552K, used 71473K [0x0000000081600000, 0x0000000086b80000, 0x00000000d5d00000)
  object space 87552K, 81% used [0x0000000081600000,0x0000000085bcc438,0x0000000086b80000)
 Metaspace       used 20812K, capacity 21002K, committed 21296K, reserved 1069056K
  class space    used 2544K, capacity 2633K, committed 2688K, reserved 1048576K
Event: 37.924 GC heap after
Heap after GC invocations=14 (full 1):
 PSYoungGen      total 622592K, used 0K [0x00000000d5d00000, 0x0000000100000000, 0x0000000100000000)
  eden space 553984K, 0% used [0x00000000d5d00000,0x00000000d5d00000,0x00000000f7a00000)
  from space 68608K, 0% used [0x00000000f7a00000,0x00000000f7a00000,0x00000000fbd00000)
  to   space 66560K, 0% used [0x00000000fbf00000,0x00000000fbf00000,0x0000000100000000)
 ParOldGen       total 65536K, used 17507K [0x0000000081600000, 0x0000000085600000, 0x00000000d5d00000)
  object space 65536K, 26% used [0x0000000081600000,0x0000000082718ce8,0x0000000085600000)
 Metaspace       used 20812K, capacity 21002K, committed 21296K, reserved 1069056K
  class space    used 2544K, capacity 2633K, committed 2688K, reserved 1048576K
}

